#
# There is insufficient memory for the Java Runtime Environment to continue.
# Native memory allocation (malloc) failed to allocate 2052976 bytes for Chunk::new
# Possible reasons:
#   The system is out of physical RAM or swap space
#   The process is running with CompressedOops enabled, and the Java Heap may be blocking the growth of the native heap
# Possible solutions:
#   Reduce memory load on the system
#   Increase physical memory or swap space
#   Check if swap backing store is full
#   Decrease Java heap size (-Xmx/-Xms)
#   Decrease number of Java threads
#   Decrease Java thread stack sizes (-Xss)
#   Set larger code cache with -XX:ReservedCodeCacheSize=
#   JVM is running with Zero Based Compressed Oops mode in which the Java heap is
#     placed in the first 32GB address space. The Java Heap base address is the
#     maximum limit for the native heap growth. Please use -XX:HeapBaseMinAddress
#     to set the Java Heap base and to place the Java Heap above 32GB virtual address.
# This output file may be truncated or incomplete.
#
#  Out of Memory Error (arena.cpp:195), pid=7984, tid=19956
#
# JRE version: OpenJDK Runtime Environment (16.0.2+7) (build 16.0.2+7-67)
# Java VM: OpenJDK 64-Bit Server VM (16.0.2+7-67, mixed mode, tiered, compressed oops, compressed class ptrs, g1 gc, windows-amd64)
# No core dump will be written. Minidumps are not enabled by default on client versions of Windows
#

---------------  S U M M A R Y ------------

Command Line: -Dfile.encoding=UTF-8 -XX:+ShowCodeDetailsInExceptionMessages com.boggle.example.BoggleApplication

Host: Intel(R) Core(TM) i3-7100U CPU @ 2.40GHz, 4 cores, 11G,  Windows 10 , 64 bit Build 19041 (10.0.19041.3393)
Time: Thu Oct 12 13:37:40 2023  Windows 10 , 64 bit Build 19041 (10.0.19041.3393) elapsed time: 4347.331577 seconds (0d 1h 12m 27s)

---------------  T H R E A D  ---------------

Current thread (0x000002501583b530):  JavaThread "C2 CompilerThread0" daemon [_thread_in_native, id=19956, stack(0x000000df8c600000,0x000000df8c700000)]


Current CompileTask:
C2:4347331 17082   !   4       org.springframework.beans.factory.support.DefaultSingletonBeanRegistry::destroyBean (385 bytes)

Stack: [0x000000df8c600000,0x000000df8c700000]
Native frames: (J=compiled Java code, j=interpreted, Vv=VM code, C=native code)
V  [jvm.dll+0x6681ca]
V  [jvm.dll+0x7c9e69]
V  [jvm.dll+0x7cb61e]
V  [jvm.dll+0x7cbc73]
V  [jvm.dll+0x242c55]
V  [jvm.dll+0xadeba]
V  [jvm.dll+0xae45c]
V  [jvm.dll+0x35a882]
V  [jvm.dll+0x324de1]
V  [jvm.dll+0x32428a]
V  [jvm.dll+0x215cec]
V  [jvm.dll+0x215100]
V  [jvm.dll+0x1a1beb]
V  [jvm.dll+0x225158]
V  [jvm.dll+0x22319c]
V  [jvm.dll+0x77fa62]
V  [jvm.dll+0x7795aa]
V  [jvm.dll+0x667066]
C  [ucrtbase.dll+0x21bb2]
C  [KERNEL32.DLL+0x17344]
C  [ntdll.dll+0x526b1]


---------------  P R O C E S S  ---------------

Threads class SMR info:
_java_thread_list=0x0000025018f260e0, length=20, elements={
0x000002507f7f9020, 0x000002507f7fa160, 0x0000025015810cb0, 0x00000250158116c0,
0x00000250158122d0, 0x0000025015837300, 0x000002501583b530, 0x000002501583cf70,
0x00000250158595d0, 0x00000250159abf20, 0x00000250159b2180, 0x0000025018e56b30,
0x0000025018e58070, 0x0000025018c6cc20, 0x00000250193684d0, 0x0000025019364fb0,
0x0000025019365500, 0x00000250193674e0, 0x000002501964aab0, 0x0000025019645060
}

Java Threads: ( => current thread )
  0x000002507f7f9020 JavaThread "Reference Handler" daemon [_thread_blocked, id=13852, stack(0x000000df8c000000,0x000000df8c100000)]
  0x000002507f7fa160 JavaThread "Finalizer" daemon [_thread_blocked, id=12748, stack(0x000000df8c100000,0x000000df8c200000)]
  0x0000025015810cb0 JavaThread "Signal Dispatcher" daemon [_thread_blocked, id=15344, stack(0x000000df8c200000,0x000000df8c300000)]
  0x00000250158116c0 JavaThread "Attach Listener" daemon [_thread_blocked, id=6088, stack(0x000000df8c300000,0x000000df8c400000)]
  0x00000250158122d0 JavaThread "Service Thread" daemon [_thread_blocked, id=8564, stack(0x000000df8c400000,0x000000df8c500000)]
  0x0000025015837300 JavaThread "Monitor Deflation Thread" daemon [_thread_blocked, id=18016, stack(0x000000df8c500000,0x000000df8c600000)]
=>0x000002501583b530 JavaThread "C2 CompilerThread0" daemon [_thread_in_native, id=19956, stack(0x000000df8c600000,0x000000df8c700000)]
  0x000002501583cf70 JavaThread "C1 CompilerThread0" daemon [_thread_blocked, id=10024, stack(0x000000df8c700000,0x000000df8c800000)]
  0x00000250158595d0 JavaThread "Sweeper thread" daemon [_thread_blocked, id=18300, stack(0x000000df8c800000,0x000000df8c900000)]
  0x00000250159abf20 JavaThread "Notification Thread" daemon [_thread_blocked, id=2064, stack(0x000000df8c900000,0x000000df8ca00000)]
  0x00000250159b2180 JavaThread "Common-Cleaner" daemon [_thread_blocked, id=6892, stack(0x000000df8cb00000,0x000000df8cc00000)]
  0x0000025018e56b30 JavaThread "mysql-cj-abandoned-connection-cleanup" daemon [_thread_blocked, id=3352, stack(0x000000df8d700000,0x000000df8d800000)]
  0x0000025018e58070 JavaThread "Live Reload Server" daemon [_thread_in_native, id=12060, stack(0x000000df8dd00000,0x000000df8de00000)]
  0x0000025018c6cc20 JavaThread "DestroyJavaVM" [_thread_blocked, id=9480, stack(0x000000df8b900000,0x000000df8ba00000)]
  0x00000250193684d0 JavaThread "File Watcher" daemon [_thread_in_native, id=20636, stack(0x000000df8d100000,0x000000df8d200000)]
  0x0000025019364fb0 JavaThread "File Watcher" daemon [_thread_in_native, id=744, stack(0x000000df8d300000,0x000000df8d400000)]
  0x0000025019365500 JavaThread "Catalina-utility-1" [_thread_blocked, id=18908, stack(0x000000df8d600000,0x000000df8d700000)]
  0x00000250193674e0 JavaThread "Catalina-utility-2" [_thread_blocked, id=15892, stack(0x000000df8d800000,0x000000df8d900000)]
  0x000002501964aab0 JavaThread "Thread-23" [_thread_blocked, id=1724, stack(0x000000df8b600000,0x000000df8b700000)]
  0x0000025019645060 JavaThread "HikariPool-8 connection closer" daemon [_thread_in_native, id=18392, stack(0x000000df8b800000,0x000000df8b900000)]

Other Threads:
  0x000002507f7e0100 VMThread "VM Thread" [stack: 0x000000df8bf00000,0x000000df8c000000] [id=21312]
  0x00000250159ae450 WatcherThread [stack: 0x000000df8ca00000,0x000000df8cb00000] [id=13864]
  0x0000025076c5a1b0 GCTaskThread "GC Thread#0" [stack: 0x000000df8ba00000,0x000000df8bb00000] [id=8232]
  0x0000025015e9dfe0 GCTaskThread "GC Thread#1" [stack: 0x000000df8cc00000,0x000000df8cd00000] [id=21188]
  0x0000025015f29c00 GCTaskThread "GC Thread#2" [stack: 0x000000df8cd00000,0x000000df8ce00000] [id=20460]
  0x0000025015f4a7e0 GCTaskThread "GC Thread#3" [stack: 0x000000df8ce00000,0x000000df8cf00000] [id=10616]
  0x0000025076c67130 ConcurrentGCThread "G1 Main Marker" [stack: 0x000000df8bb00000,0x000000df8bc00000] [id=20732]
  0x0000025076c67c20 ConcurrentGCThread "G1 Conc#0" [stack: 0x000000df8bc00000,0x000000df8bd00000] [id=2584]
  0x0000025076ce7660 ConcurrentGCThread "G1 Refine#0" [stack: 0x000000df8bd00000,0x000000df8be00000] [id=6924]
  0x0000025016256990 ConcurrentGCThread "G1 Refine#1" [stack: 0x000000df8cf00000,0x000000df8d000000] [id=14612]
  0x0000025016256ee0 ConcurrentGCThread "G1 Refine#2" [stack: 0x000000df8d000000,0x000000df8d100000] [id=21364]
  0x000002507f640270 ConcurrentGCThread "G1 Service" [stack: 0x000000df8be00000,0x000000df8bf00000] [id=19384]

Threads with active compile tasks:
C2 CompilerThread0  4347449 17082   !   4       org.springframework.beans.factory.support.DefaultSingletonBeanRegistry::destroyBean (385 bytes)

VM state: not at safepoint (normal execution)

VM Mutex/Monitor currently owned by a thread: None

Heap address: 0x0000000741c00000, size: 3044 MB, Compressed Oops mode: Zero based, Oop shift amount: 3

CDS disabled.
Compressed class space mapped at: 0x0000000800000000-0x0000000840000000, reserved size: 1073741824
Narrow klass base: 0x0000000800000000, Narrow klass shift: 0, Narrow klass range: 0x40000000

GC Precious Log:
 CPUs: 4 total, 4 available
 Memory: 12175M
 Large Page Support: Disabled
 NUMA Support: Disabled
 Compressed Oops: Enabled (Zero based)
 Heap Region Size: 2M
 Heap Min Capacity: 8M
 Heap Initial Capacity: 192M
 Heap Max Capacity: 3044M
 Pre-touch: Disabled
 Parallel Workers: 4
 Concurrent Workers: 1
 Concurrent Refinement Workers: 4
 Periodic GC: Disabled

Heap:
 garbage-first heap   total 116736K, used 78633K [0x0000000741c00000, 0x0000000800000000)
  region size 2048K, 21 young (43008K), 2 survivors (4096K)
 Metaspace       used 95556K, committed 96384K, reserved 1138688K
  class space    used 10454K, committed 10880K, reserved 1048576K

Heap Regions: E=young(eden), S=young(survivor), O=old, HS=humongous(starts), HC=humongous(continues), CS=collection set, F=free, OA=open archive, CA=closed archive, TAMS=top-at-mark-start (previous, next)
|   0|0x0000000741c00000, 0x0000000741dfffe8, 0x0000000741e00000| 99%| O|  |TAMS 0x0000000741c00000, 0x0000000741c00000| Untracked 
|   1|0x0000000741e00000, 0x0000000742000000, 0x0000000742000000|100%| O|  |TAMS 0x0000000741e00000, 0x0000000741e00000| Untracked 
|   2|0x0000000742000000, 0x00000007421fffd0, 0x0000000742200000| 99%| O|  |TAMS 0x0000000742000000, 0x0000000742000000| Untracked 
|   3|0x0000000742200000, 0x0000000742400000, 0x0000000742400000|100%| O|  |TAMS 0x0000000742200000, 0x0000000742200000| Untracked 
|   4|0x0000000742400000, 0x00000007425fffd8, 0x0000000742600000| 99%| O|  |TAMS 0x0000000742400000, 0x0000000742400000| Untracked 
|   5|0x0000000742600000, 0x00000007427fff78, 0x0000000742800000| 99%| O|  |TAMS 0x0000000742600000, 0x0000000742600000| Untracked 
|   6|0x0000000742800000, 0x00000007429ffff8, 0x0000000742a00000| 99%| O|  |TAMS 0x0000000742800000, 0x0000000742800000| Untracked 
|   7|0x0000000742a00000, 0x0000000742bffff0, 0x0000000742c00000| 99%| O|  |TAMS 0x0000000742a00000, 0x0000000742a00000| Untracked 
|   8|0x0000000742c00000, 0x0000000742dfffb0, 0x0000000742e00000| 99%| O|  |TAMS 0x0000000742c00000, 0x0000000742c00000| Untracked 
|   9|0x0000000742e00000, 0x0000000742fffff0, 0x0000000743000000| 99%| O|  |TAMS 0x0000000742e00000, 0x0000000742e00000| Untracked 
|  10|0x0000000743000000, 0x00000007431ffff8, 0x0000000743200000| 99%| O|  |TAMS 0x0000000743000000, 0x0000000743000000| Untracked 
|  11|0x0000000743200000, 0x00000007433ffff8, 0x0000000743400000| 99%| O|  |TAMS 0x0000000743200000, 0x0000000743200000| Untracked 
|  12|0x0000000743400000, 0x00000007435d6540, 0x0000000743600000| 91%| O|  |TAMS 0x0000000743400000, 0x0000000743400000| Untracked 
|  13|0x0000000743600000, 0x0000000743722058, 0x0000000743800000| 56%| O|  |TAMS 0x0000000743600000, 0x0000000743600000| Untracked 
|  14|0x0000000743800000, 0x0000000743a00000, 0x0000000743a00000|100%| O|  |TAMS 0x0000000743800000, 0x0000000743800000| Untracked 
|  15|0x0000000743a00000, 0x0000000743af33e0, 0x0000000743c00000| 47%| O|  |TAMS 0x0000000743a00000, 0x0000000743a00000| Untracked 
|  16|0x0000000743c00000, 0x0000000743e00000, 0x0000000743e00000|100%| O|  |TAMS 0x0000000743c00000, 0x0000000743c00000| Untracked 
|  17|0x0000000743e00000, 0x0000000744000000, 0x0000000744000000|100%| O|  |TAMS 0x0000000743e00000, 0x0000000743e00000| Untracked 
|  18|0x0000000744000000, 0x0000000744200000, 0x0000000744200000|100%| O|  |TAMS 0x0000000744000000, 0x0000000744000000| Untracked 
|  19|0x0000000744200000, 0x000000074431b400, 0x0000000744400000| 55%| O|  |TAMS 0x0000000744200000, 0x0000000744200000| Untracked 
|  20|0x0000000744400000, 0x0000000744400000, 0x0000000744600000|  0%| F|  |TAMS 0x0000000744400000, 0x0000000744400000| Untracked 
|  21|0x0000000744600000, 0x0000000744600000, 0x0000000744800000|  0%| F|  |TAMS 0x0000000744600000, 0x0000000744600000| Untracked 
|  22|0x0000000744800000, 0x0000000744800000, 0x0000000744a00000|  0%| F|  |TAMS 0x0000000744800000, 0x0000000744800000| Untracked 
|  23|0x0000000744a00000, 0x0000000744a00000, 0x0000000744c00000|  0%| F|  |TAMS 0x0000000744a00000, 0x0000000744a00000| Untracked 
|  24|0x0000000744c00000, 0x0000000744c00000, 0x0000000744e00000|  0%| F|  |TAMS 0x0000000744c00000, 0x0000000744c00000| Untracked 
|  25|0x0000000744e00000, 0x0000000744e00000, 0x0000000745000000|  0%| F|  |TAMS 0x0000000744e00000, 0x0000000744e00000| Untracked 
|  26|0x0000000745000000, 0x0000000745000000, 0x0000000745200000|  0%| F|  |TAMS 0x0000000745000000, 0x0000000745000000| Untracked 
|  27|0x0000000745200000, 0x00000007453c3860, 0x0000000745400000| 88%| S|CS|TAMS 0x0000000745200000, 0x0000000745200000| Complete 
|  28|0x0000000745400000, 0x0000000745600000, 0x0000000745600000|100%| S|CS|TAMS 0x0000000745400000, 0x0000000745400000| Complete 
|  29|0x0000000745600000, 0x0000000745600000, 0x0000000745800000|  0%| F|  |TAMS 0x0000000745600000, 0x0000000745600000| Untracked 
|  30|0x0000000745800000, 0x0000000745800000, 0x0000000745a00000|  0%| F|  |TAMS 0x0000000745800000, 0x0000000745800000| Untracked 
|  31|0x0000000745a00000, 0x0000000745a00000, 0x0000000745c00000|  0%| F|  |TAMS 0x0000000745a00000, 0x0000000745a00000| Untracked 
|  32|0x0000000745c00000, 0x0000000745c00000, 0x0000000745e00000|  0%| F|  |TAMS 0x0000000745c00000, 0x0000000745c00000| Untracked 
|  33|0x0000000745e00000, 0x0000000745e00000, 0x0000000746000000|  0%| F|  |TAMS 0x0000000745e00000, 0x0000000745e00000| Untracked 
|  34|0x0000000746000000, 0x0000000746000000, 0x0000000746200000|  0%| F|  |TAMS 0x0000000746000000, 0x0000000746000000| Untracked 
|  35|0x0000000746200000, 0x0000000746200000, 0x0000000746400000|  0%| F|  |TAMS 0x0000000746200000, 0x0000000746200000| Untracked 
|  36|0x0000000746400000, 0x0000000746400000, 0x0000000746600000|  0%| F|  |TAMS 0x0000000746400000, 0x0000000746400000| Untracked 
|  37|0x0000000746600000, 0x0000000746600000, 0x0000000746800000|  0%| F|  |TAMS 0x0000000746600000, 0x0000000746600000| Untracked 
|  38|0x0000000746800000, 0x00000007468650e8, 0x0000000746a00000| 19%| E|  |TAMS 0x0000000746800000, 0x0000000746800000| Complete 
|  39|0x0000000746a00000, 0x0000000746c00000, 0x0000000746c00000|100%| E|CS|TAMS 0x0000000746a00000, 0x0000000746a00000| Complete 
|  40|0x0000000746c00000, 0x0000000746e00000, 0x0000000746e00000|100%| E|CS|TAMS 0x0000000746c00000, 0x0000000746c00000| Complete 
|  41|0x0000000746e00000, 0x0000000747000000, 0x0000000747000000|100%| E|CS|TAMS 0x0000000746e00000, 0x0000000746e00000| Complete 
|  42|0x0000000747000000, 0x0000000747200000, 0x0000000747200000|100%| E|CS|TAMS 0x0000000747000000, 0x0000000747000000| Complete 
|  43|0x0000000747200000, 0x0000000747400000, 0x0000000747400000|100%| E|CS|TAMS 0x0000000747200000, 0x0000000747200000| Complete 
|  44|0x0000000747400000, 0x0000000747600000, 0x0000000747600000|100%| E|CS|TAMS 0x0000000747400000, 0x0000000747400000| Complete 
|  45|0x0000000747600000, 0x0000000747800000, 0x0000000747800000|100%| E|CS|TAMS 0x0000000747600000, 0x0000000747600000| Complete 
|  46|0x0000000747800000, 0x0000000747a00000, 0x0000000747a00000|100%| E|CS|TAMS 0x0000000747800000, 0x0000000747800000| Complete 
|  47|0x0000000747a00000, 0x0000000747c00000, 0x0000000747c00000|100%| E|CS|TAMS 0x0000000747a00000, 0x0000000747a00000| Complete 
|  48|0x0000000747c00000, 0x0000000747e00000, 0x0000000747e00000|100%| E|CS|TAMS 0x0000000747c00000, 0x0000000747c00000| Complete 
|  49|0x0000000747e00000, 0x0000000748000000, 0x0000000748000000|100%| E|CS|TAMS 0x0000000747e00000, 0x0000000747e00000| Complete 
|  50|0x0000000748000000, 0x0000000748200000, 0x0000000748200000|100%| E|CS|TAMS 0x0000000748000000, 0x0000000748000000| Complete 
|  51|0x0000000748200000, 0x0000000748400000, 0x0000000748400000|100%| E|CS|TAMS 0x0000000748200000, 0x0000000748200000| Complete 
|  52|0x0000000748400000, 0x0000000748600000, 0x0000000748600000|100%| E|CS|TAMS 0x0000000748400000, 0x0000000748400000| Complete 
|  53|0x0000000748600000, 0x0000000748800000, 0x0000000748800000|100%| E|CS|TAMS 0x0000000748600000, 0x0000000748600000| Complete 
|  54|0x0000000748800000, 0x0000000748a00000, 0x0000000748a00000|100%| E|CS|TAMS 0x0000000748800000, 0x0000000748800000| Complete 
|  55|0x0000000748a00000, 0x0000000748c00000, 0x0000000748c00000|100%| E|CS|TAMS 0x0000000748a00000, 0x0000000748a00000| Complete 
|  56|0x0000000748c00000, 0x0000000748e00000, 0x0000000748e00000|100%| E|CS|TAMS 0x0000000748c00000, 0x0000000748c00000| Complete 

Card table byte_map: [0x000002507c5a0000,0x000002507cba0000] _byte_map_base: 0x0000025078b92000

Marking Bits (Prev, Next): (CMBitMap*) 0x0000025076c5a8e0, (CMBitMap*) 0x0000025076c5a8a0
 Prev Bits: [0x0000025011f90000, 0x0000025014f20000)
 Next Bits: [0x000002500f000000, 0x0000025011f90000)

Polling page: 0x0000025076cf0000

Metaspace:

Usage:
  Non-class:     83.11 MB used.
      Class:     10.21 MB used.
       Both:     93.32 MB used.

Virtual space:
  Non-class space:       88.00 MB reserved,      83.50 MB ( 95%) committed,  11 nodes.
      Class space:        1.00 GB reserved,      10.62 MB (  1%) committed,  1 nodes.
              Both:        1.09 GB reserved,      94.12 MB (  8%) committed. 

Chunk freelists:
   Non-Class:  108.00 KB
       Class:  1.24 MB
        Both:  1.35 MB

MaxMetaspaceSize: 17179869184.00 GB
CompressedClassSpaceSize: 1.00 GB
 - commit_granule_bytes: 65536.
 - commit_granule_words: 8192.
 - virtual_space_node_default_size: 1048576.
 - enlarge_chunks_in_place: 1.
 - new_chunks_are_fully_committed: 0.
 - uncommit_free_chunks: 1.
 - use_allocation_guard: 0.
 - handle_deallocations: 1.


Internal statistics:

num_allocs_failed_limit: 11.
num_arena_births: 1182.
num_arena_deaths: 174.
num_vsnodes_births: 12.
num_vsnodes_deaths: 0.
num_space_committed: 1506.
num_space_uncommitted: 0.
num_chunks_returned_to_freelist: 252.
num_chunks_taken_from_freelist: 4860.
num_chunk_merges: 65.
num_chunk_splits: 2985.
num_chunks_enlarged: 1941.
num_purges: 14.

CodeHeap 'non-profiled nmethods': size=120000Kb used=12412Kb max_used=12412Kb free=107587Kb
 bounds [0x0000025007ad0000, 0x00000250086f0000, 0x000002500f000000]
CodeHeap 'profiled nmethods': size=120000Kb used=30368Kb max_used=31993Kb free=89631Kb
 bounds [0x00000250005a0000, 0x0000025002500000, 0x0000025007ad0000]
CodeHeap 'non-nmethods': size=5760Kb used=1373Kb max_used=1493Kb free=4386Kb
 bounds [0x0000025000000000, 0x0000025000270000, 0x00000250005a0000]
 total_blobs=14441 nmethods=13742 adapters=609
 compilation: enabled
              stopped_count=0, restarted_count=0
 full_count=0

Compilation events (20 events):
Event: 4309.302 Thread 0x000002501583b530 nmethod 17074 0x00000250086ed490 code [0x00000250086ed680, 0x00000250086edcc0]
Event: 4309.313 Thread 0x000002501583b530 17075       4       java.util.concurrent.Executors$RunnableAdapter::call (14 bytes)
Event: 4309.314 Thread 0x000002501583b530 nmethod 17075 0x00000250086ee310 code [0x00000250086ee4a0, 0x00000250086ee558]
Event: 4309.314 Thread 0x000002501583b530 17076       4       java.util.concurrent.ScheduledThreadPoolExecutor$ScheduledFutureTask::setNextRunTime (38 bytes)
Event: 4309.316 Thread 0x000002501583b530 nmethod 17076 0x00000250086ee610 code [0x00000250086ee7a0, 0x00000250086ee8a8]
Event: 4309.318 Thread 0x000002501583b530 17077       4       java.util.concurrent.ScheduledThreadPoolExecutor::reExecutePeriodic (49 bytes)
Event: 4309.322 Thread 0x000002501583b530 nmethod 17077 0x00000250086ee990 code [0x00000250086eeb40, 0x00000250086eed58]
Event: 4346.797 Thread 0x000002501583cf70 17078       3       java.net.InetSocketAddress::getAddress (8 bytes)
Event: 4346.797 Thread 0x000002501583cf70 nmethod 17078 0x0000025000ff5390 code [0x0000025000ff5520, 0x0000025000ff5658]
Event: 4346.801 Thread 0x000002501583cf70 17079       3       java.io.ObjectOutputStream$BlockDataOutputStream::writeByte (33 bytes)
Event: 4346.802 Thread 0x000002501583cf70 nmethod 17079 0x00000250016cfa10 code [0x00000250016cfbc0, 0x00000250016cfda8]
Event: 4346.842 Thread 0x000002501583cf70 17080   !   3       org.apache.tomcat.util.threads.ThreadPoolExecutor::interruptIdleWorkers (120 bytes)
Event: 4346.844 Thread 0x000002501583cf70 nmethod 17080 0x0000025000c29990 code [0x0000025000c29d00, 0x0000025000c2b648]
Event: 4346.865 Thread 0x000002501583cf70 17081       1       org.apache.catalina.valves.ValveBase::setContainer (6 bytes)
Event: 4346.867 Thread 0x000002501583b530 17082   !   4       org.springframework.beans.factory.support.DefaultSingletonBeanRegistry::destroyBean (385 bytes)
Event: 4346.869 Thread 0x000002501583cf70 nmethod 17081 0x00000250086ef010 code [0x00000250086ef1a0, 0x00000250086ef2b8]
Event: 4346.872 Thread 0x000002501583cf70 17083       3       java.util.ArrayList$ListItr::hasPrevious (13 bytes)
Event: 4346.872 Thread 0x000002501583cf70 nmethod 17083 0x000002500111a810 code [0x000002500111a9a0, 0x000002500111ab18]
Event: 4346.872 Thread 0x000002501583cf70 17084       3       java.util.concurrent.ConcurrentHashMap$BaseIterator::remove (37 bytes)
Event: 4346.873 Thread 0x000002501583cf70 nmethod 17084 0x000002500101d210 code [0x000002500101d3e0, 0x000002500101d678]

GC Heap History (20 events):
Event: 3409.111 GC heap before
{Heap before GC invocations=91 (full 5):
 garbage-first heap   total 96256K, used 75035K [0x0000000741c00000, 0x0000000800000000)
  region size 2048K, 21 young (43008K), 2 survivors (4096K)
 Metaspace       used 94738K, committed 95552K, reserved 1138688K
  class space    used 10402K, committed 10816K, reserved 1048576K
}
Event: 3409.120 GC heap after
{Heap after GC invocations=92 (full 5):
 garbage-first heap   total 96256K, used 38824K [0x0000000741c00000, 0x0000000800000000)
  region size 2048K, 2 young (4096K), 2 survivors (4096K)
 Metaspace       used 94738K, committed 95552K, reserved 1138688K
  class space    used 10402K, committed 10816K, reserved 1048576K
}
Event: 3410.019 GC heap before
{Heap before GC invocations=92 (full 5):
 garbage-first heap   total 96256K, used 75688K [0x0000000741c00000, 0x0000000800000000)
  region size 2048K, 20 young (40960K), 2 survivors (4096K)
 Metaspace       used 95101K, committed 95872K, reserved 1138688K
  class space    used 10428K, committed 10816K, reserved 1048576K
}
Event: 3410.028 GC heap after
{Heap after GC invocations=93 (full 5):
 garbage-first heap   total 116736K, used 40327K [0x0000000741c00000, 0x0000000800000000)
  region size 2048K, 3 young (6144K), 3 survivors (6144K)
 Metaspace       used 95101K, committed 95872K, reserved 1138688K
  class space    used 10428K, committed 10816K, reserved 1048576K
}
Event: 3410.520 GC heap before
{Heap before GC invocations=93 (full 5):
 garbage-first heap   total 116736K, used 93575K [0x0000000741c00000, 0x0000000800000000)
  region size 2048K, 29 young (59392K), 3 survivors (6144K)
 Metaspace       used 95496K, committed 96320K, reserved 1138688K
  class space    used 10451K, committed 10880K, reserved 1048576K
}
Event: 3410.529 GC heap after
{Heap after GC invocations=94 (full 5):
 garbage-first heap   total 116736K, used 42151K [0x0000000741c00000, 0x0000000800000000)
  region size 2048K, 3 young (6144K), 3 survivors (6144K)
 Metaspace       used 95496K, committed 96320K, reserved 1138688K
  class space    used 10451K, committed 10880K, reserved 1048576K
}
Event: 3478.222 GC heap before
{Heap before GC invocations=94 (full 5):
 garbage-first heap   total 116736K, used 95399K [0x0000000741c00000, 0x0000000800000000)
  region size 2048K, 29 young (59392K), 3 survivors (6144K)
 Metaspace       used 95542K, committed 96320K, reserved 1138688K
  class space    used 10454K, committed 10880K, reserved 1048576K
}
Event: 3478.247 GC heap after
{Heap after GC invocations=95 (full 5):
 garbage-first heap   total 116736K, used 41752K [0x0000000741c00000, 0x0000000800000000)
  region size 2048K, 2 young (4096K), 2 survivors (4096K)
 Metaspace       used 95542K, committed 96320K, reserved 1138688K
  class space    used 10454K, committed 10880K, reserved 1048576K
}
Event: 3606.287 GC heap before
{Heap before GC invocations=95 (full 5):
 garbage-first heap   total 116736K, used 95000K [0x0000000741c00000, 0x0000000800000000)
  region size 2048K, 28 young (57344K), 2 survivors (4096K)
 Metaspace       used 95542K, committed 96320K, reserved 1138688K
  class space    used 10454K, committed 10880K, reserved 1048576K
}
Event: 3606.293 GC heap after
{Heap after GC invocations=96 (full 5):
 garbage-first heap   total 116736K, used 41732K [0x0000000741c00000, 0x0000000800000000)
  region size 2048K, 2 young (4096K), 2 survivors (4096K)
 Metaspace       used 95542K, committed 96320K, reserved 1138688K
  class space    used 10454K, committed 10880K, reserved 1048576K
}
Event: 3735.613 GC heap before
{Heap before GC invocations=96 (full 5):
 garbage-first heap   total 116736K, used 94980K [0x0000000741c00000, 0x0000000800000000)
  region size 2048K, 28 young (57344K), 2 survivors (4096K)
 Metaspace       used 95542K, committed 96320K, reserved 1138688K
  class space    used 10454K, committed 10880K, reserved 1048576K
}
Event: 3735.621 GC heap after
{Heap after GC invocations=97 (full 5):
 garbage-first heap   total 116736K, used 41999K [0x0000000741c00000, 0x0000000800000000)
  region size 2048K, 2 young (4096K), 2 survivors (4096K)
 Metaspace       used 95542K, committed 96320K, reserved 1138688K
  class space    used 10454K, committed 10880K, reserved 1048576K
}
Event: 3875.282 GC heap before
{Heap before GC invocations=97 (full 5):
 garbage-first heap   total 116736K, used 97295K [0x0000000741c00000, 0x0000000800000000)
  region size 2048K, 29 young (59392K), 2 survivors (4096K)
 Metaspace       used 95542K, committed 96320K, reserved 1138688K
  class space    used 10454K, committed 10880K, reserved 1048576K
}
Event: 3875.290 GC heap after
{Heap after GC invocations=98 (full 5):
 garbage-first heap   total 116736K, used 41974K [0x0000000741c00000, 0x0000000800000000)
  region size 2048K, 2 young (4096K), 2 survivors (4096K)
 Metaspace       used 95542K, committed 96320K, reserved 1138688K
  class space    used 10454K, committed 10880K, reserved 1048576K
}
Event: 4010.430 GC heap before
{Heap before GC invocations=98 (full 5):
 garbage-first heap   total 116736K, used 97270K [0x0000000741c00000, 0x0000000800000000)
  region size 2048K, 29 young (59392K), 2 survivors (4096K)
 Metaspace       used 95551K, committed 96320K, reserved 1138688K
  class space    used 10454K, committed 10880K, reserved 1048576K
}
Event: 4010.438 GC heap after
{Heap after GC invocations=99 (full 5):
 garbage-first heap   total 116736K, used 41967K [0x0000000741c00000, 0x0000000800000000)
  region size 2048K, 2 young (4096K), 2 survivors (4096K)
 Metaspace       used 95551K, committed 96320K, reserved 1138688K
  class space    used 10454K, committed 10880K, reserved 1048576K
}
Event: 4144.560 GC heap before
{Heap before GC invocations=99 (full 5):
 garbage-first heap   total 116736K, used 97263K [0x0000000741c00000, 0x0000000800000000)
  region size 2048K, 29 young (59392K), 2 survivors (4096K)
 Metaspace       used 95551K, committed 96320K, reserved 1138688K
  class space    used 10454K, committed 10880K, reserved 1048576K
}
Event: 4144.578 GC heap after
{Heap after GC invocations=100 (full 5):
 garbage-first heap   total 116736K, used 41964K [0x0000000741c00000, 0x0000000800000000)
  region size 2048K, 2 young (4096K), 2 survivors (4096K)
 Metaspace       used 95551K, committed 96320K, reserved 1138688K
  class space    used 10454K, committed 10880K, reserved 1048576K
}
Event: 4282.304 GC heap before
{Heap before GC invocations=100 (full 5):
 garbage-first heap   total 116736K, used 97260K [0x0000000741c00000, 0x0000000800000000)
  region size 2048K, 29 young (59392K), 2 survivors (4096K)
 Metaspace       used 95551K, committed 96320K, reserved 1138688K
  class space    used 10454K, committed 10880K, reserved 1048576K
}
Event: 4282.310 GC heap after
{Heap after GC invocations=101 (full 5):
 garbage-first heap   total 116736K, used 41769K [0x0000000741c00000, 0x0000000800000000)
  region size 2048K, 2 young (4096K), 2 survivors (4096K)
 Metaspace       used 95551K, committed 96320K, reserved 1138688K
  class space    used 10454K, committed 10880K, reserved 1048576K
}

Deoptimization events (20 events):
Event: 3410.085 Thread 0x0000025019368a20 DEOPT PACKING pc=0x0000025007d920e4 sp=0x000000df8dbfd340
Event: 3410.085 Thread 0x0000025019368a20 DEOPT UNPACKING pc=0x000002500004d72e sp=0x000000df8dbfd2c0 mode 2
Event: 3410.085 Thread 0x0000025019368a20 Uncommon trap: trap_request=0xffffffbe fr.pc=0x0000025007d920e4 relative=0x00000000000000c4
Event: 3410.085 Thread 0x0000025019368a20 Uncommon trap: reason=profile_predicate action=maybe_recompile pc=0x0000025007d920e4 method=java.math.BigInteger.longValue()J @ 5 c2
Event: 3410.085 Thread 0x0000025019368a20 DEOPT PACKING pc=0x0000025007d920e4 sp=0x000000df8dbfd340
Event: 3410.085 Thread 0x0000025019368a20 DEOPT UNPACKING pc=0x000002500004d72e sp=0x000000df8dbfd2c0 mode 2
Event: 3410.085 Thread 0x0000025019368a20 Uncommon trap: trap_request=0xffffffbe fr.pc=0x0000025007d920e4 relative=0x00000000000000c4
Event: 3410.085 Thread 0x0000025019368a20 Uncommon trap: reason=profile_predicate action=maybe_recompile pc=0x0000025007d920e4 method=java.math.BigInteger.longValue()J @ 5 c2
Event: 3410.085 Thread 0x0000025019368a20 DEOPT PACKING pc=0x0000025007d920e4 sp=0x000000df8dbfd340
Event: 3410.085 Thread 0x0000025019368a20 DEOPT UNPACKING pc=0x000002500004d72e sp=0x000000df8dbfd2c0 mode 2
Event: 3410.202 Thread 0x0000025019368a20 DEOPT PACKING pc=0x0000025001aa8038 sp=0x000000df8dbfd4f0
Event: 3410.202 Thread 0x0000025019368a20 DEOPT UNPACKING pc=0x000002500004dece sp=0x000000df8dbfc970 mode 0
Event: 3410.401 Thread 0x0000025019363520 Uncommon trap: trap_request=0xffffff45 fr.pc=0x00000250086c4c7c relative=0x000000000000071c
Event: 3410.401 Thread 0x0000025019363520 Uncommon trap: reason=unstable_if action=reinterpret pc=0x00000250086c4c7c method=org.springframework.cglib.core.CodeEmitter.emit_invoke(ILorg/springframework/asm/Type;Lorg/springframework/cglib/core/Signature;Z)V @ 24 c2
Event: 3410.401 Thread 0x0000025019363520 DEOPT PACKING pc=0x00000250086c4c7c sp=0x000000df8d4fc5f0
Event: 3410.401 Thread 0x0000025019363520 DEOPT UNPACKING pc=0x000002500004d72e sp=0x000000df8d4fc5b0 mode 2
Event: 4346.868 Thread 0x000002501964aab0 DEOPT PACKING pc=0x00000250018b1aa1 sp=0x000000df8b6fedf0
Event: 4346.869 Thread 0x000002501964aab0 DEOPT UNPACKING pc=0x000002500004dece sp=0x000000df8b6fe2f8 mode 0
Event: 4346.871 Thread 0x000002501964aab0 DEOPT PACKING pc=0x00000250018b1aa1 sp=0x000000df8b6febb0
Event: 4346.871 Thread 0x000002501964aab0 DEOPT UNPACKING pc=0x000002500004dece sp=0x000000df8b6fe0b8 mode 0

Classes unloaded (20 events):
Event: 3341.465 Thread 0x000002507f7e0100 Unloading class 0x00000008001d8800 'java/lang/invoke/LambdaForm$MH+0x00000008001d8800'
Event: 3341.465 Thread 0x000002507f7e0100 Unloading class 0x00000008001d8400 'java/lang/invoke/LambdaForm$MH+0x00000008001d8400'
Event: 3341.465 Thread 0x000002507f7e0100 Unloading class 0x00000008001d8000 'java/lang/invoke/LambdaForm$MH+0x00000008001d8000'
Event: 3341.465 Thread 0x000002507f7e0100 Unloading class 0x00000008001d4400 'java/lang/invoke/LambdaForm$MH+0x00000008001d4400'
Event: 3341.465 Thread 0x000002507f7e0100 Unloading class 0x00000008001ae400 'java/lang/invoke/LambdaForm$MH+0x00000008001ae400'
Event: 3341.465 Thread 0x000002507f7e0100 Unloading class 0x00000008001ae000 'java/lang/invoke/LambdaForm$MH+0x00000008001ae000'
Event: 3341.465 Thread 0x000002507f7e0100 Unloading class 0x00000008001adc00 'java/lang/invoke/LambdaForm$MH+0x00000008001adc00'
Event: 3341.465 Thread 0x000002507f7e0100 Unloading class 0x00000008001ad800 'java/lang/invoke/LambdaForm$MH+0x00000008001ad800'
Event: 3341.465 Thread 0x000002507f7e0100 Unloading class 0x00000008001ad400 'java/lang/invoke/LambdaForm$MH+0x00000008001ad400'
Event: 3341.465 Thread 0x000002507f7e0100 Unloading class 0x00000008001acc00 'java/lang/invoke/LambdaForm$MH+0x00000008001acc00'
Event: 3341.465 Thread 0x000002507f7e0100 Unloading class 0x0000000800122800 'java/lang/invoke/LambdaForm$MH+0x0000000800122800'
Event: 3341.465 Thread 0x000002507f7e0100 Unloading class 0x0000000800122000 'java/lang/invoke/LambdaForm$MH+0x0000000800122000'
Event: 3341.465 Thread 0x000002507f7e0100 Unloading class 0x0000000800121c00 'java/lang/invoke/LambdaForm$MH+0x0000000800121c00'
Event: 3341.465 Thread 0x000002507f7e0100 Unloading class 0x0000000800121800 'java/lang/invoke/LambdaForm$MH+0x0000000800121800'
Event: 3341.465 Thread 0x000002507f7e0100 Unloading class 0x0000000800121400 'java/lang/invoke/LambdaForm$MH+0x0000000800121400'
Event: 3341.465 Thread 0x000002507f7e0100 Unloading class 0x0000000800121000 'java/lang/invoke/LambdaForm$MH+0x0000000800121000'
Event: 3341.465 Thread 0x000002507f7e0100 Unloading class 0x0000000800120c00 'java/lang/invoke/LambdaForm$MH+0x0000000800120c00'
Event: 3341.465 Thread 0x000002507f7e0100 Unloading class 0x0000000800120800 'java/lang/invoke/LambdaForm$MH+0x0000000800120800'
Event: 3341.465 Thread 0x000002507f7e0100 Unloading class 0x0000000800120400 'java/lang/invoke/LambdaForm$MH+0x0000000800120400'
Event: 3341.465 Thread 0x000002507f7e0100 Unloading class 0x000000080011c400 'java/lang/invoke/LambdaForm$MH+0x000000080011c400'

Classes redefined (0 events):
No events

Internal exceptions (20 events):
Event: 3409.917 Thread 0x0000025019363520 Exception <a 'java/lang/ClassNotFoundException'{0x0000000746004458}: com/boggle/example/domain/UserEntityCustomizer> (0x0000000746004458) 
thrown [t:\workspace\open\src\hotspot\share\classfile\systemDictionary.cpp, line 256]
Event: 3409.968 Thread 0x0000025019363520 Exception <a 'java/lang/ClassNotFoundException'{0x0000000745aadd58}: java/lang/ObjectCustomizer> (0x0000000745aadd58) 
thrown [t:\workspace\open\src\hotspot\share\classfile\systemDictionary.cpp, line 256]
Event: 3409.970 Thread 0x0000025019363520 Exception <a 'java/lang/ClassNotFoundException'{0x0000000745ab6ec8}: com/boggle/example/domain/ReviewEntityCustomizer> (0x0000000745ab6ec8) 
thrown [t:\workspace\open\src\hotspot\share\classfile\systemDictionary.cpp, line 256]
Event: 3409.991 Thread 0x0000025019363520 Exception <a 'java/lang/ClassNotFoundException'{0x0000000745b1a7e0}: java/lang/ObjectCustomizer> (0x0000000745b1a7e0) 
thrown [t:\workspace\open\src\hotspot\share\classfile\systemDictionary.cpp, line 256]
Event: 3409.993 Thread 0x0000025019363520 Exception <a 'java/lang/ClassNotFoundException'{0x0000000745b238c0}: com/boggle/example/domain/BookEntityCustomizer> (0x0000000745b238c0) 
thrown [t:\workspace\open\src\hotspot\share\classfile\systemDictionary.cpp, line 256]
Event: 3410.001 Thread 0x0000025019363520 Exception <a 'java/lang/ClassNotFoundException'{0x0000000745b85de8}: java/lang/ObjectCustomizer> (0x0000000745b85de8) 
thrown [t:\workspace\open\src\hotspot\share\classfile\systemDictionary.cpp, line 256]
Event: 3410.003 Thread 0x0000025019363520 Exception <a 'java/lang/ClassNotFoundException'{0x0000000745b8f068}: com/boggle/example/domain/ReviewUserEntityCustomizer> (0x0000000745b8f068) 
thrown [t:\workspace\open\src\hotspot\share\classfile\systemDictionary.cpp, line 256]
Event: 3410.185 Thread 0x0000025019363520 Exception <a 'java/lang/ClassNotFoundException'{0x0000000747ed4e68}: java/lang/ObjectCustomizer> (0x0000000747ed4e68) 
thrown [t:\workspace\open\src\hotspot\share\classfile\systemDictionary.cpp, line 256]
Event: 3410.187 Thread 0x0000025019363520 Exception <a 'java/lang/ClassNotFoundException'{0x0000000747ede1f8}: com/boggle/example/domain/ReviewPlaylistEntityCustomizer> (0x0000000747ede1f8) 
thrown [t:\workspace\open\src\hotspot\share\classfile\systemDictionary.cpp, line 256]
Event: 3410.241 Thread 0x0000025019363520 Exception <a 'java/lang/ClassNotFoundException'{0x00000007478b9530}: java/lang/ObjectCustomizer> (0x00000007478b9530) 
thrown [t:\workspace\open\src\hotspot\share\classfile\systemDictionary.cpp, line 256]
Event: 3410.244 Thread 0x0000025019363520 Exception <a 'java/lang/ClassNotFoundException'{0x00000007478c2730}: com/boggle/example/domain/PlaylistEntityCustomizer> (0x00000007478c2730) 
thrown [t:\workspace\open\src\hotspot\share\classfile\systemDictionary.cpp, line 256]
Event: 3410.297 Thread 0x0000025019363520 Exception <a 'java/lang/ClassNotFoundException'{0x000000074725add0}: java/lang/ObjectCustomizer> (0x000000074725add0) 
thrown [t:\workspace\open\src\hotspot\share\classfile\systemDictionary.cpp, line 256]
Event: 3410.300 Thread 0x0000025019363520 Exception <a 'java/lang/ClassNotFoundException'{0x0000000747263eb0}: com/boggle/example/domain/FontEntityCustomizer> (0x0000000747263eb0) 
thrown [t:\workspace\open\src\hotspot\share\classfile\systemDictionary.cpp, line 256]
Event: 3410.322 Thread 0x0000025019363520 Exception <a 'java/lang/ClassNotFoundException'{0x0000000746e2dbe0}: java/lang/ObjectCustomizer> (0x0000000746e2dbe0) 
thrown [t:\workspace\open\src\hotspot\share\classfile\systemDictionary.cpp, line 256]
Event: 3410.324 Thread 0x0000025019363520 Exception <a 'java/lang/ClassNotFoundException'{0x0000000746e36e60}: com/boggle/example/domain/WallpaperEntityCustomizer> (0x0000000746e36e60) 
thrown [t:\workspace\open\src\hotspot\share\classfile\systemDictionary.cpp, line 256]
Event: 3410.351 Thread 0x0000025019363520 Exception <a 'java/lang/ClassNotFoundException'{0x0000000746dfd050}: java/lang/ObjectCustomizer> (0x0000000746dfd050) 
thrown [t:\workspace\open\src\hotspot\share\classfile\systemDictionary.cpp, line 256]
Event: 3410.353 Thread 0x0000025019363520 Exception <a 'java/lang/ClassNotFoundException'{0x0000000746b31148}: com/boggle/example/domain/GenreEntityCustomizer> (0x0000000746b31148) 
thrown [t:\workspace\open\src\hotspot\share\classfile\systemDictionary.cpp, line 256]
Event: 3410.545 Thread 0x0000025019363520 Exception <a 'java/lang/ClassNotFoundException'{0x0000000748c91c58}: java/lang/ObjectCustomizer> (0x0000000748c91c58) 
thrown [t:\workspace\open\src\hotspot\share\classfile\systemDictionary.cpp, line 256]
Event: 3410.547 Thread 0x0000025019363520 Exception <a 'java/lang/ClassNotFoundException'{0x0000000748c9a210}: com/boggle/example/domain/PlaylistUserEntityCustomizer> (0x0000000748c9a210) 
thrown [t:\workspace\open\src\hotspot\share\classfile\systemDictionary.cpp, line 256]
Event: 4346.864 Thread 0x0000025019364a60 Exception <a 'java/lang/InterruptedException'{0x0000000746b9f650}: sleep interrupted> (0x0000000746b9f650) 
thrown [t:\workspace\open\src\hotspot\share\prims\jvm.cpp, line 3305]

Events (20 events):
Event: 4346.863 Thread 0x0000025018c73110 Thread exited: 0x0000025018c73110
Event: 4346.863 Thread 0x000002501754e030 Thread exited: 0x000002501754e030
Event: 4346.863 Thread 0x0000025017550010 Thread exited: 0x0000025017550010
Event: 4346.863 Thread 0x0000025017552a90 Thread exited: 0x0000025017552a90
Event: 4346.863 Thread 0x000002501db81b80 Thread exited: 0x000002501db81b80
Event: 4346.863 Thread 0x0000025017550ab0 Thread exited: 0x0000025017550ab0
Event: 4346.863 Thread 0x00000250194b51d0 Thread exited: 0x00000250194b51d0
Event: 4346.863 Thread 0x0000025018e565e0 Thread exited: 0x0000025018e565e0
Event: 4346.863 Thread 0x000002501db855f0 Thread exited: 0x000002501db855f0
Event: 4346.863 Thread 0x000002501db86090 Thread exited: 0x000002501db86090
Event: 4346.863 Thread 0x000002501754ead0 Thread exited: 0x000002501754ead0
Event: 4346.864 Thread 0x000002501754bb00 Thread exited: 0x000002501754bb00
Event: 4346.864 Thread 0x00000250194afcd0 Thread exited: 0x00000250194afcd0
Event: 4346.864 Thread 0x00000250194b1210 Thread exited: 0x00000250194b1210
Event: 4346.864 Thread 0x000002501db885c0 Thread exited: 0x000002501db885c0
Event: 4346.864 Thread 0x0000025018c71bd0 Thread exited: 0x0000025018c71bd0
Event: 4346.864 Thread 0x000002501754e580 Thread exited: 0x000002501754e580
Event: 4346.865 Thread 0x0000025019364a60 Thread exited: 0x0000025019364a60
Event: 4346.874 Thread 0x0000025019645060 Thread added: 0x0000025019645060
Event: 4346.875 Thread 0x0000025019367f80 Thread exited: 0x0000025019367f80


Dynamic libraries:
0x00007ff79b270000 - 0x00007ff79b27e000 	C:\javaStudy\program\eclipse\plugins\org.eclipse.justj.openjdk.hotspot.jre.full.win32.x86_64_16.0.2.v20210721-1149\jre\bin\javaw.exe
0x00007fff835f0000 - 0x00007fff837e8000 	C:\WINDOWS\SYSTEM32\ntdll.dll
0x00007fff81ed0000 - 0x00007fff81f8d000 	C:\WINDOWS\System32\KERNEL32.DLL
0x00007fff80f70000 - 0x00007fff81266000 	C:\WINDOWS\System32\KERNELBASE.dll
0x00007fff81330000 - 0x00007fff81430000 	C:\WINDOWS\System32\ucrtbase.dll
0x00007fff5f440000 - 0x00007fff5f458000 	C:\javaStudy\program\eclipse\plugins\org.eclipse.justj.openjdk.hotspot.jre.full.win32.x86_64_16.0.2.v20210721-1149\jre\bin\jli.dll
0x00007fff81750000 - 0x00007fff818ee000 	C:\WINDOWS\System32\USER32.dll
0x00007fff81300000 - 0x00007fff81322000 	C:\WINDOWS\System32\win32u.dll
0x00007fff824e0000 - 0x00007fff8250c000 	C:\WINDOWS\System32\GDI32.dll
0x00007fff81530000 - 0x00007fff8164a000 	C:\WINDOWS\System32\gdi32full.dll
0x00007fff80ea0000 - 0x00007fff80f3d000 	C:\WINDOWS\System32\msvcp_win.dll
0x00007fff7a870000 - 0x00007fff7a889000 	C:\javaStudy\program\eclipse\plugins\org.eclipse.justj.openjdk.hotspot.jre.full.win32.x86_64_16.0.2.v20210721-1149\jre\bin\VCRUNTIME140.dll
0x00007fff729c0000 - 0x00007fff72c5a000 	C:\WINDOWS\WinSxS\amd64_microsoft.windows.common-controls_6595b64144ccf1df_6.0.19041.1110_none_60b5254171f9507e\COMCTL32.dll
0x00007fff825c0000 - 0x00007fff8265e000 	C:\WINDOWS\System32\msvcrt.dll
0x00007fff82660000 - 0x00007fff82690000 	C:\WINDOWS\System32\IMM32.DLL
0x00007fff7c6f0000 - 0x00007fff7c6fc000 	C:\javaStudy\program\eclipse\plugins\org.eclipse.justj.openjdk.hotspot.jre.full.win32.x86_64_16.0.2.v20210721-1149\jre\bin\vcruntime140_1.dll
0x00007fff4fc50000 - 0x00007fff4fce1000 	C:\javaStudy\program\eclipse\plugins\org.eclipse.justj.openjdk.hotspot.jre.full.win32.x86_64_16.0.2.v20210721-1149\jre\bin\msvcp140.dll
0x00007fff03090000 - 0x00007fff03c3b000 	C:\javaStudy\program\eclipse\plugins\org.eclipse.justj.openjdk.hotspot.jre.full.win32.x86_64_16.0.2.v20210721-1149\jre\bin\server\jvm.dll
0x00007fff81cf0000 - 0x00007fff81d9e000 	C:\WINDOWS\System32\ADVAPI32.dll
0x00007fff816b0000 - 0x00007fff8174c000 	C:\WINDOWS\System32\sechost.dll
0x00007fff823b0000 - 0x00007fff824d6000 	C:\WINDOWS\System32\RPCRT4.dll
0x00007fff81ec0000 - 0x00007fff81ec8000 	C:\WINDOWS\System32\PSAPI.DLL
0x00007fff71360000 - 0x00007fff71369000 	C:\WINDOWS\SYSTEM32\WSOCK32.dll
0x00007fff82140000 - 0x00007fff821ab000 	C:\WINDOWS\System32\WS2_32.dll
0x00007fff72c70000 - 0x00007fff72c7a000 	C:\WINDOWS\SYSTEM32\VERSION.dll
0x00007fff711e0000 - 0x00007fff71207000 	C:\WINDOWS\SYSTEM32\WINMM.dll
0x00007fff7eb20000 - 0x00007fff7eb32000 	C:\WINDOWS\SYSTEM32\kernel.appcore.dll
0x00007fff7a310000 - 0x00007fff7a31a000 	C:\javaStudy\program\eclipse\plugins\org.eclipse.justj.openjdk.hotspot.jre.full.win32.x86_64_16.0.2.v20210721-1149\jre\bin\jimage.dll
0x00007fff685a0000 - 0x00007fff68784000 	C:\WINDOWS\SYSTEM32\DBGHELP.DLL
0x00007fff71370000 - 0x00007fff713a4000 	C:\WINDOWS\SYSTEM32\dbgcore.DLL
0x00007fff81270000 - 0x00007fff812f2000 	C:\WINDOWS\System32\bcryptPrimitives.dll
0x00007fff5dd60000 - 0x00007fff5dd85000 	C:\javaStudy\program\eclipse\plugins\org.eclipse.justj.openjdk.hotspot.jre.full.win32.x86_64_16.0.2.v20210721-1149\jre\bin\java.dll
0x00007fff5e8f0000 - 0x00007fff5e908000 	C:\javaStudy\program\eclipse\plugins\org.eclipse.justj.openjdk.hotspot.jre.full.win32.x86_64_16.0.2.v20210721-1149\jre\bin\zip.dll
0x00007fff82690000 - 0x00007fff82dd5000 	C:\WINDOWS\System32\SHELL32.dll
0x00007fff7ed20000 - 0x00007fff7f4bb000 	C:\WINDOWS\SYSTEM32\windows.storage.dll
0x00007fff81990000 - 0x00007fff81ce4000 	C:\WINDOWS\System32\combase.dll
0x00007fff80640000 - 0x00007fff8066e000 	C:\WINDOWS\SYSTEM32\Wldp.dll
0x00007fff821c0000 - 0x00007fff8226d000 	C:\WINDOWS\System32\SHCORE.dll
0x00007fff82e40000 - 0x00007fff82e95000 	C:\WINDOWS\System32\shlwapi.dll
0x00007fff80c00000 - 0x00007fff80c25000 	C:\WINDOWS\SYSTEM32\profapi.dll
0x00007fff5df40000 - 0x00007fff5df59000 	C:\javaStudy\program\eclipse\plugins\org.eclipse.justj.openjdk.hotspot.jre.full.win32.x86_64_16.0.2.v20210721-1149\jre\bin\net.dll
0x00007fff754a0000 - 0x00007fff755aa000 	C:\WINDOWS\SYSTEM32\WINHTTP.dll
0x00007fff803a0000 - 0x00007fff8040a000 	C:\WINDOWS\system32\mswsock.dll
0x00007fff5dde0000 - 0x00007fff5ddf3000 	C:\javaStudy\program\eclipse\plugins\org.eclipse.justj.openjdk.hotspot.jre.full.win32.x86_64_16.0.2.v20210721-1149\jre\bin\nio.dll
0x00007fff781c0000 - 0x00007fff781d0000 	C:\javaStudy\program\eclipse\plugins\org.eclipse.justj.openjdk.hotspot.jre.full.win32.x86_64_16.0.2.v20210721-1149\jre\bin\verify.dll
0x00007fff684e0000 - 0x00007fff684e9000 	C:\javaStudy\program\eclipse\plugins\org.eclipse.justj.openjdk.hotspot.jre.full.win32.x86_64_16.0.2.v20210721-1149\jre\bin\management.dll
0x00007fff5f9a0000 - 0x00007fff5f9ab000 	C:\javaStudy\program\eclipse\plugins\org.eclipse.justj.openjdk.hotspot.jre.full.win32.x86_64_16.0.2.v20210721-1149\jre\bin\management_ext.dll
0x00007fff704d0000 - 0x00007fff704e7000 	C:\WINDOWS\system32\napinsp.dll
0x00007fff6f9f0000 - 0x00007fff6fa0b000 	C:\WINDOWS\system32\pnrpnsp.dll
0x00007fff7bb80000 - 0x00007fff7bb95000 	C:\WINDOWS\system32\wshbth.dll
0x00007fff7c5d0000 - 0x00007fff7c5ed000 	C:\WINDOWS\system32\NLAapi.dll
0x00007fff80070000 - 0x00007fff800ab000 	C:\WINDOWS\SYSTEM32\IPHLPAPI.DLL
0x00007fff800b0000 - 0x00007fff8017a000 	C:\WINDOWS\SYSTEM32\DNSAPI.dll
0x00007fff81980000 - 0x00007fff81988000 	C:\WINDOWS\System32\NSI.dll
0x00007fff68950000 - 0x00007fff68962000 	C:\WINDOWS\System32\winrnr.dll
0x00007fff745a0000 - 0x00007fff745aa000 	C:\Windows\System32\rasadhlp.dll
0x00007fff75210000 - 0x00007fff75292000 	C:\WINDOWS\System32\fwpuclnt.dll
0x00007fff80f40000 - 0x00007fff80f67000 	C:\WINDOWS\System32\bcrypt.dll
0x00007fff80590000 - 0x00007fff805a8000 	C:\WINDOWS\SYSTEM32\CRYPTSP.dll
0x00007fff7fc70000 - 0x00007fff7fca4000 	C:\WINDOWS\system32\rsaenh.dll
0x00007fff80b80000 - 0x00007fff80bae000 	C:\WINDOWS\SYSTEM32\USERENV.dll
0x00007fff805b0000 - 0x00007fff805bc000 	C:\WINDOWS\SYSTEM32\CRYPTBASE.dll
0x00007fff78940000 - 0x00007fff78957000 	C:\WINDOWS\SYSTEM32\dhcpcsvc6.DLL
0x00007fff78920000 - 0x00007fff7893d000 	C:\WINDOWS\SYSTEM32\dhcpcsvc.DLL
0x00007fff7c5a0000 - 0x00007fff7c5ae000 	C:\javaStudy\program\eclipse\plugins\org.eclipse.justj.openjdk.hotspot.jre.full.win32.x86_64_16.0.2.v20210721-1149\jre\bin\sunmscapi.dll
0x00007fff80d40000 - 0x00007fff80e9e000 	C:\WINDOWS\System32\CRYPT32.dll
0x00007fff806b0000 - 0x00007fff806d8000 	C:\WINDOWS\SYSTEM32\ncrypt.dll
0x00007fff80670000 - 0x00007fff806ab000 	C:\WINDOWS\SYSTEM32\NTASN1.dll
0x00007fff7a820000 - 0x00007fff7a827000 	C:\WINDOWS\system32\wshunix.dll

dbghelp: loaded successfully - version: 4.0.5 - missing functions: none
symbol engine: initialized successfully - sym options: 0x614 - pdb path: .;C:\javaStudy\program\eclipse\plugins\org.eclipse.justj.openjdk.hotspot.jre.full.win32.x86_64_16.0.2.v20210721-1149\jre\bin;C:\WINDOWS\SYSTEM32;C:\WINDOWS\WinSxS\amd64_microsoft.windows.common-controls_6595b64144ccf1df_6.0.19041.1110_none_60b5254171f9507e;C:\javaStudy\program\eclipse\plugins\org.eclipse.justj.openjdk.hotspot.jre.full.win32.x86_64_16.0.2.v20210721-1149\jre\bin\server

VM Arguments:
jvm_args: -Dfile.encoding=UTF-8 -XX:+ShowCodeDetailsInExceptionMessages 
java_command: com.boggle.example.BoggleApplication
java_class_path (initial): C:\javaStudy\workspace_web\boggle_springboot\target\classes;C:\Users\hwang\.m2\repository\org\springframework\boot\spring-boot-starter-web\2.6.4\spring-boot-starter-web-2.6.4.jar;C:\Users\hwang\.m2\repository\org\springframework\boot\spring-boot-starter\2.6.4\spring-boot-starter-2.6.4.jar;C:\Users\hwang\.m2\repository\org\springframework\boot\spring-boot-starter-logging\2.6.4\spring-boot-starter-logging-2.6.4.jar;C:\Users\hwang\.m2\repository\ch\qos\logback\logback-classic\1.2.10\logback-classic-1.2.10.jar;C:\Users\hwang\.m2\repository\ch\qos\logback\logback-core\1.2.10\logback-core-1.2.10.jar;C:\Users\hwang\.m2\repository\org\apache\logging\log4j\log4j-to-slf4j\2.17.1\log4j-to-slf4j-2.17.1.jar;C:\Users\hwang\.m2\repository\org\apache\logging\log4j\log4j-api\2.17.1\log4j-api-2.17.1.jar;C:\Users\hwang\.m2\repository\org\slf4j\jul-to-slf4j\1.7.36\jul-to-slf4j-1.7.36.jar;C:\Users\hwang\.m2\repository\jakarta\annotation\jakarta.annotation-api\1.3.5\jakarta.annotation-api-1.3.5.jar;C:\Users\hwang\.m2\repository\org\yaml\snakeyaml\1.29\snakeyaml-1.29.jar;C:\Users\hwang\.m2\repository\org\springframework\boot\spring-boot-starter-json\2.6.4\spring-boot-starter-json-2.6.4.jar;C:\Users\hwang\.m2\repository\com\fasterxml\jackson\core\jackson-databind\2.13.1\jackson-databind-2.13.1.jar;C:\Users\hwang\.m2\repository\com\fasterxml\jackson\core\jackson-annotations\2.13.1\jackson-annotations-2.13.1.jar;C:\Users\hwang\.m2\repository\com\fasterxml\jackson\core\jackson-core\2.13.1\jackson-core-2.13.1.jar;C:\Users\hwang\.m2\repository\com\fasterxml\jackson\datatype\jackson-datatype-jdk8\2.13.1\jackson-datatype-jdk8-2.13.1.jar;C:\Users\hwang\.m2\repository\com\fasterxml\jackson\datatype\jackson-datatype-jsr310\2.13.1\jackson-datatype-jsr310-2.13.1.jar;C:\Users\hwang\.m2\repository\com\fasterxml\jackson\module\jackson-module-parameter-names\2.13.1\jackson-module-parameter-names-2.13.1.jar;C:\Users\hwang\.m2\repository\org\springframework\boot\spring-boot-star
Launcher Type: SUN_STANDARD

[Global flags]
     intx CICompilerCount                          = 3                                         {product} {ergonomic}
     uint ConcGCThreads                            = 1                                         {product} {ergonomic}
     uint G1ConcRefinementThreads                  = 4                                         {product} {ergonomic}
   size_t G1HeapRegionSize                         = 2097152                                   {product} {ergonomic}
    uintx GCDrainStackTargetSize                   = 64                                        {product} {ergonomic}
   size_t InitialHeapSize                          = 201326592                                 {product} {ergonomic}
   size_t MarkStackSize                            = 4194304                                   {product} {ergonomic}
   size_t MaxHeapSize                              = 3191865344                                {product} {ergonomic}
   size_t MaxNewSize                               = 1914699776                                {product} {ergonomic}
   size_t MinHeapDeltaBytes                        = 2097152                                   {product} {ergonomic}
   size_t MinHeapSize                              = 8388608                                   {product} {ergonomic}
    uintx NonNMethodCodeHeapSize                   = 5832780                                {pd product} {ergonomic}
    uintx NonProfiledCodeHeapSize                  = 122912730                              {pd product} {ergonomic}
    uintx ProfiledCodeHeapSize                     = 122912730                              {pd product} {ergonomic}
    uintx ReservedCodeCacheSize                    = 251658240                              {pd product} {ergonomic}
     bool SegmentedCodeCache                       = true                                      {product} {ergonomic}
     bool ShowCodeDetailsInExceptionMessages       = true                                   {manageable} {command line}
   size_t SoftMaxHeapSize                          = 3191865344                             {manageable} {ergonomic}
     bool UseCompressedClassPointers               = true                           {product lp64_product} {ergonomic}
     bool UseCompressedOops                        = true                           {product lp64_product} {ergonomic}
     bool UseG1GC                                  = true                                      {product} {ergonomic}
     bool UseLargePagesIndividualAllocation        = false                                  {pd product} {ergonomic}

Logging:
Log output configuration:
 #0: stdout all=warning uptime,level,tags
 #1: stderr all=off uptime,level,tags

Environment Variables:
JAVA_HOME=C:\Program Files\Java\jdk-16.0.2
PATH=C:/javaStudy/program/eclipse//plugins/org.eclipse.justj.openjdk.hotspot.jre.full.win32.x86_64_16.0.2.v20210721-1149/jre/bin/server;C:/javaStudy/program/eclipse//plugins/org.eclipse.justj.openjdk.hotspot.jre.full.win32.x86_64_16.0.2.v20210721-1149/jre/bin;C:\Program Files\Java\jdk-16.0.2\bin;C:\Program Files\Common Files\Oracle\Java\javapath;C:\Program Files (x86)\Microsoft SDKs\Azure\CLI2\wbin;C:\oraclexe\app\oracle\product\11.2.0\server\bin;C:\Program Files (x86)\Intel\iCLS Client\;C:\Program Files\Intel\iCLS Client\;C:\WINDOWS\system32;C:\WINDOWS;C:\WINDOWS\System32\Wbem;C:\WINDOWS\System32\WindowsPowerShell\v1.0\;C:\Program Files (x86)\Intel\Intel(R) Management Engine Components\DAL;C:\Program Files\Intel\Intel(R) Management Engine Components\DAL;C:\Program Files (x86)\Intel\Intel(R) Management Engine Components\IPT;C:\Program Files\Intel\Intel(R) Management Engine Components\IPT;C:\WINDOWS\System32\OpenSSH\;C:\Program Files\Git\cmd;C:\Program Files\Java\jdk1.8.0_301\bin;C:\Program Files\Microsoft SQL Server\Client SDK\ODBC\110\Tools\Binn\;C:\Program Files (x86)\Microsoft SQL Server\120\Tools\Binn\;C:\Program Files\Microsoft SQL Server\120\Tools\Binn\;C:\Program Files\Microsoft SQL Server\120\DTS\Binn\;C:\Program Files (x86)\Microsoft SQL Server\120\Tools\Binn\ManagementStudio\;C:\Program Files (x86)\Microsoft SQL Server\120\DTS\Binn\;C:\Terraform;C:\Program Files\nodejs\;C:\Program Files\Docker\Docker\resources\bin;C:\Users\hwang\AppData\Local\Microsoft\WindowsApps;C:\Users\hwang\AppData\Local\atom\bin;C:\Users\hwang\AppData\Local\Programs\Microsoft VS Code\bin;C:\Users\hwang\AppData\Roaming\npm;C:\javaStudy\program\eclipse;
USERNAME=hwang
OS=Windows_NT
PROCESSOR_IDENTIFIER=Intel64 Family 6 Model 142 Stepping 9, GenuineIntel



---------------  S Y S T E M  ---------------

OS:
 Windows 10 , 64 bit Build 19041 (10.0.19041.3393)
OS uptime: 5 days 17:56 hours
Hyper-V role detected

CPU: total 4 (initial active 4) (2 cores per cpu, 2 threads per core) family 6 model 142 stepping 9 microcode 0xb4, cx8, cmov, fxsr, ht, mmx, 3dnowpref, sse, sse2, sse3, ssse3, sse4.1, sse4.2, popcnt, lzcnt, tsc, tscinvbit, avx, avx2, aes, erms, clmul, bmi1, bmi2, adx, fma, vzeroupper, clflush, clflushopt, hv

Memory: 4k page, system-wide physical 12175M (3107M free)
TotalPageFile size 17009M (AvailPageFile size 3M)
current process WorkingSet (physical memory assigned to process): 353M, peak: 368M
current process commit charge ("private bytes"): 394M, peak: 421M

vm_info: OpenJDK 64-Bit Server VM (16.0.2+7-67) for windows-amd64 JRE (16.0.2+7-67), built on Jun  8 2021 23:21:43 by "mach5one" with MS VC++ 16.7 (VS2019)

END.
